Analysis & Synthesis report for 05-Grup315-01
Fri Dec 02 12:26:44 2022
Quartus II Version 9.0 Build 235 06/17/2009 Service Pack 2 SJ Web Edition


---------------------
; Table of Contents ;
---------------------
  1. Legal Notice
  2. Analysis & Synthesis Summary
  3. Analysis & Synthesis Settings
  4. Analysis & Synthesis Source Files Read
  5. Analysis & Synthesis Resource Usage Summary
  6. Analysis & Synthesis Resource Utilization by Entity
  7. Analysis & Synthesis RAM Summary
  8. General Register Statistics
  9. Source assignments for rom:inst7|altsyncram:altsyncram_component|altsyncram_vq71:auto_generated
 10. Source assignments for IRdecoder:inst
 11. Parameter Settings for User Entity Instance: rom:inst7|altsyncram:altsyncram_component
 12. Parameter Settings for User Entity Instance: sequencer:inst11|lpm_mux0:inst|LPM_MUX:lpm_mux_component
 13. Parameter Settings for User Entity Instance: lpm_mux1:inst3|LPM_MUX:lpm_mux_component
 14. altsyncram Parameter Settings by Entity Instance
 15. Analysis & Synthesis Messages



----------------
; Legal Notice ;
----------------
Copyright (C) 1991-2009 Altera Corporation
Your use of Altera Corporation's design tools, logic functions 
and other software and tools, and its AMPP partner logic 
functions, and any output files from any of the foregoing 
(including device programming or simulation files), and any 
associated documentation or information are expressly subject 
to the terms and conditions of the Altera Program License 
Subscription Agreement, Altera MegaCore Function License 
Agreement, or other applicable license agreement, including, 
without limitation, that your use is for the sole purpose of 
programming logic devices manufactured by Altera and sold by 
Altera or its authorized distributors.  Please refer to the 
applicable agreement for further details.



+-----------------------------------------------------------------------------------+
; Analysis & Synthesis Summary                                                      ;
+------------------------------------+----------------------------------------------+
; Analysis & Synthesis Status        ; Successful - Fri Dec 02 12:26:44 2022        ;
; Quartus II Version                 ; 9.0 Build 235 06/17/2009 SP 2 SJ Web Edition ;
; Revision Name                      ; 05-Grup315-01                                ;
; Top-level Entity Name              ; UC                                           ;
; Family                             ; Cyclone II                                   ;
; Total logic elements               ; 62                                           ;
;     Total combinational functions  ; 62                                           ;
;     Dedicated logic registers      ; 8                                            ;
; Total registers                    ; 8                                            ;
; Total pins                         ; 30                                           ;
; Total virtual pins                 ; 0                                            ;
; Total memory bits                  ; 6,144                                        ;
; Embedded Multiplier 9-bit elements ; 0                                            ;
; Total PLLs                         ; 0                                            ;
+------------------------------------+----------------------------------------------+


+--------------------------------------------------------------------------------------------------------+
; Analysis & Synthesis Settings                                                                          ;
+--------------------------------------------------------------+--------------------+--------------------+
; Option                                                       ; Setting            ; Default Value      ;
+--------------------------------------------------------------+--------------------+--------------------+
; Device                                                       ; EP2C35F672C6       ;                    ;
; Top-level entity name                                        ; UC                 ; 05-Grup315-01      ;
; Family name                                                  ; Cyclone II         ; Stratix II         ;
; Use Generated Physical Constraints File                      ; Off                ;                    ;
; Use smart compilation                                        ; Off                ; Off                ;
; Restructure Multiplexers                                     ; Auto               ; Auto               ;
; Create Debugging Nodes for IP Cores                          ; Off                ; Off                ;
; Preserve fewer node names                                    ; On                 ; On                 ;
; Disable OpenCore Plus hardware evaluation                    ; Off                ; Off                ;
; Verilog Version                                              ; Verilog_2001       ; Verilog_2001       ;
; VHDL Version                                                 ; VHDL93             ; VHDL93             ;
; State Machine Processing                                     ; Auto               ; Auto               ;
; Safe State Machine                                           ; Off                ; Off                ;
; Extract Verilog State Machines                               ; On                 ; On                 ;
; Extract VHDL State Machines                                  ; On                 ; On                 ;
; Ignore Verilog initial constructs                            ; Off                ; Off                ;
; Iteration limit for constant Verilog loops                   ; 5000               ; 5000               ;
; Iteration limit for non-constant Verilog loops               ; 250                ; 250                ;
; Add Pass-Through Logic to Inferred RAMs                      ; On                 ; On                 ;
; Parallel Synthesis                                           ; Off                ; Off                ;
; DSP Block Balancing                                          ; Auto               ; Auto               ;
; NOT Gate Push-Back                                           ; On                 ; On                 ;
; Power-Up Don't Care                                          ; On                 ; On                 ;
; Remove Redundant Logic Cells                                 ; Off                ; Off                ;
; Remove Duplicate Registers                                   ; On                 ; On                 ;
; Ignore CARRY Buffers                                         ; Off                ; Off                ;
; Ignore CASCADE Buffers                                       ; Off                ; Off                ;
; Ignore GLOBAL Buffers                                        ; Off                ; Off                ;
; Ignore ROW GLOBAL Buffers                                    ; Off                ; Off                ;
; Ignore LCELL Buffers                                         ; Off                ; Off                ;
; Ignore SOFT Buffers                                          ; On                 ; On                 ;
; Limit AHDL Integers to 32 Bits                               ; Off                ; Off                ;
; Optimization Technique                                       ; Balanced           ; Balanced           ;
; Carry Chain Length                                           ; 70                 ; 70                 ;
; Auto Carry Chains                                            ; On                 ; On                 ;
; Auto Open-Drain Pins                                         ; On                 ; On                 ;
; Perform WYSIWYG Primitive Resynthesis                        ; Off                ; Off                ;
; Auto ROM Replacement                                         ; On                 ; On                 ;
; Auto RAM Replacement                                         ; On                 ; On                 ;
; Auto Shift Register Replacement                              ; Auto               ; Auto               ;
; Auto Clock Enable Replacement                                ; On                 ; On                 ;
; Strict RAM Replacement                                       ; Off                ; Off                ;
; Allow Synchronous Control Signals                            ; On                 ; On                 ;
; Force Use of Synchronous Clear Signals                       ; Off                ; Off                ;
; Auto RAM to Logic Cell Conversion                            ; Off                ; Off                ;
; Auto Resource Sharing                                        ; Off                ; Off                ;
; Allow Any RAM Size For Recognition                           ; Off                ; Off                ;
; Allow Any ROM Size For Recognition                           ; Off                ; Off                ;
; Allow Any Shift Register Size For Recognition                ; Off                ; Off                ;
; Use LogicLock Constraints during Resource Balancing          ; On                 ; On                 ;
; Ignore translate_off and synthesis_off directives            ; Off                ; Off                ;
; Timing-Driven Synthesis                                      ; Off                ; Off                ;
; Show Parameter Settings Tables in Synthesis Report           ; On                 ; On                 ;
; Ignore Maximum Fan-Out Assignments                           ; Off                ; Off                ;
; Synchronization Register Chain Length                        ; 2                  ; 2                  ;
; PowerPlay Power Optimization                                 ; Normal compilation ; Normal compilation ;
; HDL message level                                            ; Level2             ; Level2             ;
; Suppress Register Optimization Related Messages              ; Off                ; Off                ;
; Number of Removed Registers Reported in Synthesis Report     ; 100                ; 100                ;
; Number of Inverted Registers Reported in Synthesis Report    ; 100                ; 100                ;
; Clock MUX Protection                                         ; On                 ; On                 ;
; Auto Gated Clock Conversion                                  ; Off                ; Off                ;
; Block Design Naming                                          ; Auto               ; Auto               ;
; SDC constraint protection                                    ; Off                ; Off                ;
; Synthesis Effort                                             ; Auto               ; Auto               ;
; Shift Register Replacement - Allow Asynchronous Clear Signal ; On                 ; On                 ;
; Analysis & Synthesis Message Level                           ; Medium             ; Medium             ;
+--------------------------------------------------------------+--------------------+--------------------+


+-----------------------------------------------------------------------------------------------------------------------------------------------------------------+
; Analysis & Synthesis Source Files Read                                                                                                                          ;
+----------------------------------+-----------------+------------------------------------+-----------------------------------------------------------------------+
; File Name with User-Entered Path ; Used in Netlist ; File Type                          ; File Name with Absolute Path                                          ;
+----------------------------------+-----------------+------------------------------------+-----------------------------------------------------------------------+
; lpm_mux0.vhd                     ; yes             ; User Wizard-Generated File         ; C:/Users/nedal/OneDrive/Escritorio/Practica05/lpm_mux0.vhd            ;
; lpm_mux1.vhd                     ; yes             ; User Wizard-Generated File         ; C:/Users/nedal/OneDrive/Escritorio/Practica05/lpm_mux1.vhd            ;
; rom.vhd                          ; yes             ; User Wizard-Generated File         ; C:/Users/nedal/OneDrive/Escritorio/Practica05/rom.vhd                 ;
; ctrlSeq.bdf                      ; yes             ; User Block Diagram/Schematic File  ; C:/Users/nedal/OneDrive/Escritorio/Practica05/ctrlSeq.bdf             ;
; inc.vhd                          ; yes             ; User VHDL File                     ; C:/Users/nedal/OneDrive/Escritorio/Practica05/inc.vhd                 ;
; IRdecoder.vhd                    ; yes             ; User VHDL File                     ; C:/Users/nedal/OneDrive/Escritorio/Practica05/IRdecoder.vhd           ;
; MicroPC.bdf                      ; yes             ; User Block Diagram/Schematic File  ; C:/Users/nedal/OneDrive/Escritorio/Practica05/MicroPC.bdf             ;
; sequencer.bdf                    ; yes             ; User Block Diagram/Schematic File  ; C:/Users/nedal/OneDrive/Escritorio/Practica05/sequencer.bdf           ;
; UC.bdf                           ; yes             ; User Block Diagram/Schematic File  ; C:/Users/nedal/OneDrive/Escritorio/Practica05/UC.bdf                  ;
; altsyncram.tdf                   ; yes             ; Megafunction                       ; c:/altera/90sp2/quartus/libraries/megafunctions/altsyncram.tdf        ;
; stratix_ram_block.inc            ; yes             ; Megafunction                       ; c:/altera/90sp2/quartus/libraries/megafunctions/stratix_ram_block.inc ;
; lpm_mux.inc                      ; yes             ; Megafunction                       ; c:/altera/90sp2/quartus/libraries/megafunctions/lpm_mux.inc           ;
; lpm_decode.inc                   ; yes             ; Megafunction                       ; c:/altera/90sp2/quartus/libraries/megafunctions/lpm_decode.inc        ;
; aglobal90.inc                    ; yes             ; Megafunction                       ; c:/altera/90sp2/quartus/libraries/megafunctions/aglobal90.inc         ;
; a_rdenreg.inc                    ; yes             ; Megafunction                       ; c:/altera/90sp2/quartus/libraries/megafunctions/a_rdenreg.inc         ;
; altrom.inc                       ; yes             ; Megafunction                       ; c:/altera/90sp2/quartus/libraries/megafunctions/altrom.inc            ;
; altram.inc                       ; yes             ; Megafunction                       ; c:/altera/90sp2/quartus/libraries/megafunctions/altram.inc            ;
; altdpram.inc                     ; yes             ; Megafunction                       ; c:/altera/90sp2/quartus/libraries/megafunctions/altdpram.inc          ;
; altqpram.inc                     ; yes             ; Megafunction                       ; c:/altera/90sp2/quartus/libraries/megafunctions/altqpram.inc          ;
; db/altsyncram_vq71.tdf           ; yes             ; Auto-Generated Megafunction        ; C:/Users/nedal/OneDrive/Escritorio/Practica05/db/altsyncram_vq71.tdf  ;
; LPM_MUX.tdf                      ; yes             ; Megafunction                       ; c:/altera/90sp2/quartus/libraries/megafunctions/LPM_MUX.tdf           ;
; muxlut.inc                       ; yes             ; Megafunction                       ; c:/altera/90sp2/quartus/libraries/megafunctions/muxlut.inc            ;
; bypassff.inc                     ; yes             ; Megafunction                       ; c:/altera/90sp2/quartus/libraries/megafunctions/bypassff.inc          ;
; altshift.inc                     ; yes             ; Megafunction                       ; c:/altera/90sp2/quartus/libraries/megafunctions/altshift.inc          ;
; db/mux_a3e.tdf                   ; yes             ; Auto-Generated Megafunction        ; C:/Users/nedal/OneDrive/Escritorio/Practica05/db/mux_a3e.tdf          ;
; db/mux_33e.tdf                   ; yes             ; Auto-Generated Megafunction        ; C:/Users/nedal/OneDrive/Escritorio/Practica05/db/mux_33e.tdf          ;
+----------------------------------+-----------------+------------------------------------+-----------------------------------------------------------------------+


+-----------------------------------------------------+
; Analysis & Synthesis Resource Usage Summary         ;
+---------------------------------------------+-------+
; Resource                                    ; Usage ;
+---------------------------------------------+-------+
; Estimated Total logic elements              ; 62    ;
;                                             ;       ;
; Total combinational functions               ; 62    ;
; Logic element usage by number of LUT inputs ;       ;
;     -- 4 input functions                    ; 6     ;
;     -- 3 input functions                    ; 11    ;
;     -- <=2 input functions                  ; 45    ;
;                                             ;       ;
; Logic elements by mode                      ;       ;
;     -- normal mode                          ; 55    ;
;     -- arithmetic mode                      ; 7     ;
;                                             ;       ;
; Total registers                             ; 8     ;
;     -- Dedicated logic registers            ; 8     ;
;     -- I/O registers                        ; 0     ;
;                                             ;       ;
; I/O pins                                    ; 30    ;
; Total memory bits                           ; 6144  ;
; Maximum fan-out node                        ; ck    ;
; Maximum fan-out                             ; 32    ;
; Total fan-out                               ; 406   ;
; Average fan-out                             ; 3.27  ;
+---------------------------------------------+-------+


+------------------------------------------------------------------------------------------------------------------------------------------------------------------------------------------------------------------------------------------------------------+
; Analysis & Synthesis Resource Utilization by Entity                                                                                                                                                                                                        ;
+-------------------------------------------+-------------------+--------------+-------------+--------------+---------+-----------+------+--------------+-------------------------------------------------------------------------------------+--------------+
; Compilation Hierarchy Node                ; LC Combinationals ; LC Registers ; Memory Bits ; DSP Elements ; DSP 9x9 ; DSP 18x18 ; Pins ; Virtual Pins ; Full Hierarchy Name                                                                 ; Library Name ;
+-------------------------------------------+-------------------+--------------+-------------+--------------+---------+-----------+------+--------------+-------------------------------------------------------------------------------------+--------------+
; |UC                                       ; 62 (32)           ; 8 (0)        ; 6144        ; 0            ; 0       ; 0         ; 30   ; 0            ; |UC                                                                                 ; work         ;
;    |IRdecoder:inst|                       ; 8 (8)             ; 0 (0)        ; 0           ; 0            ; 0       ; 0         ; 0    ; 0            ; |UC|IRdecoder:inst                                                                  ; work         ;
;    |ctrlSeq:inst9|                        ; 3 (3)             ; 0 (0)        ; 0           ; 0            ; 0       ; 0         ; 0    ; 0            ; |UC|ctrlSeq:inst9                                                                   ; work         ;
;    |lpm_mux1:inst3|                       ; 2 (0)             ; 0 (0)        ; 0           ; 0            ; 0       ; 0         ; 0    ; 0            ; |UC|lpm_mux1:inst3                                                                  ; work         ;
;       |lpm_mux:lpm_mux_component|         ; 2 (0)             ; 0 (0)        ; 0           ; 0            ; 0       ; 0         ; 0    ; 0            ; |UC|lpm_mux1:inst3|lpm_mux:lpm_mux_component                                        ; work         ;
;          |mux_33e:auto_generated|         ; 2 (2)             ; 0 (0)        ; 0           ; 0            ; 0       ; 0         ; 0    ; 0            ; |UC|lpm_mux1:inst3|lpm_mux:lpm_mux_component|mux_33e:auto_generated                 ; work         ;
;    |rom:inst7|                            ; 0 (0)             ; 0 (0)        ; 6144        ; 0            ; 0       ; 0         ; 0    ; 0            ; |UC|rom:inst7                                                                       ; work         ;
;       |altsyncram:altsyncram_component|   ; 0 (0)             ; 0 (0)        ; 6144        ; 0            ; 0       ; 0         ; 0    ; 0            ; |UC|rom:inst7|altsyncram:altsyncram_component                                       ; work         ;
;          |altsyncram_vq71:auto_generated| ; 0 (0)             ; 0 (0)        ; 6144        ; 0            ; 0       ; 0         ; 0    ; 0            ; |UC|rom:inst7|altsyncram:altsyncram_component|altsyncram_vq71:auto_generated        ; work         ;
;    |sequencer:inst11|                     ; 17 (0)            ; 8 (0)        ; 0           ; 0            ; 0       ; 0         ; 0    ; 0            ; |UC|sequencer:inst11                                                                ; work         ;
;       |MicroPC:mPC|                       ; 8 (8)             ; 8 (8)        ; 0           ; 0            ; 0       ; 0         ; 0    ; 0            ; |UC|sequencer:inst11|MicroPC:mPC                                                    ; work         ;
;       |lpm_mux0:inst|                     ; 9 (0)             ; 0 (0)        ; 0           ; 0            ; 0       ; 0         ; 0    ; 0            ; |UC|sequencer:inst11|lpm_mux0:inst                                                  ; work         ;
;          |lpm_mux:lpm_mux_component|      ; 9 (0)             ; 0 (0)        ; 0           ; 0            ; 0       ; 0         ; 0    ; 0            ; |UC|sequencer:inst11|lpm_mux0:inst|lpm_mux:lpm_mux_component                        ; work         ;
;             |mux_a3e:auto_generated|      ; 9 (9)             ; 0 (0)        ; 0           ; 0            ; 0       ; 0         ; 0    ; 0            ; |UC|sequencer:inst11|lpm_mux0:inst|lpm_mux:lpm_mux_component|mux_a3e:auto_generated ; work         ;
+-------------------------------------------+-------------------+--------------+-------------+--------------+---------+-----------+------+--------------+-------------------------------------------------------------------------------------+--------------+
Note: For table entries with two numbers listed, the numbers in parentheses indicate the number of resources of the given type used by the specific entity alone. The numbers listed outside of parentheses indicate the total resources of the given type used by the specific entity and all of its sub-entities in the hierarchy.


+-----------------------------------------------------------------------------------------------------------------------------------------------------------------------------------+
; Analysis & Synthesis RAM Summary                                                                                                                                                  ;
+-------------------------------------------------------------------------------------+------+------+--------------+--------------+--------------+--------------+------+------------+
; Name                                                                                ; Type ; Mode ; Port A Depth ; Port A Width ; Port B Depth ; Port B Width ; Size ; MIF        ;
+-------------------------------------------------------------------------------------+------+------+--------------+--------------+--------------+--------------+------+------------+
; rom:inst7|altsyncram:altsyncram_component|altsyncram_vq71:auto_generated|ALTSYNCRAM ; AUTO ; ROM  ; 256          ; 24           ; --           ; --           ; 6144 ; romv1q.mif ;
+-------------------------------------------------------------------------------------+------+------+--------------+--------------+--------------+--------------+------+------------+


+------------------------------------------------------+
; General Register Statistics                          ;
+----------------------------------------------+-------+
; Statistic                                    ; Value ;
+----------------------------------------------+-------+
; Total registers                              ; 8     ;
; Number of registers using Synchronous Clear  ; 0     ;
; Number of registers using Synchronous Load   ; 8     ;
; Number of registers using Asynchronous Clear ; 8     ;
; Number of registers using Asynchronous Load  ; 0     ;
; Number of registers using Clock Enable       ; 0     ;
; Number of registers using Preset             ; 0     ;
+----------------------------------------------+-------+


+-------------------------------------------------------------------------------------------------+
; Source assignments for rom:inst7|altsyncram:altsyncram_component|altsyncram_vq71:auto_generated ;
+---------------------------------+--------------------+------+-----------------------------------+
; Assignment                      ; Value              ; From ; To                                ;
+---------------------------------+--------------------+------+-----------------------------------+
; OPTIMIZE_POWER_DURING_SYNTHESIS ; NORMAL_COMPILATION ; -    ; -                                 ;
+---------------------------------+--------------------+------+-----------------------------------+


+-------------------------------------------------------------------+
; Source assignments for IRdecoder:inst                             ;
+------------------------------+-------+------+---------------------+
; Assignment                   ; Value ; From ; To                  ;
+------------------------------+-------+------+---------------------+
; IGNORE_LCELL_BUFFERS         ; off   ; -    ; initAddress[7]~buf0 ;
; REMOVE_REDUNDANT_LOGIC_CELLS ; off   ; -    ; initAddress[7]~buf0 ;
; IGNORE_LCELL_BUFFERS         ; off   ; -    ; initAddress[6]~buf0 ;
; REMOVE_REDUNDANT_LOGIC_CELLS ; off   ; -    ; initAddress[6]~buf0 ;
; IGNORE_LCELL_BUFFERS         ; off   ; -    ; initAddress[5]~buf0 ;
; REMOVE_REDUNDANT_LOGIC_CELLS ; off   ; -    ; initAddress[5]~buf0 ;
; IGNORE_LCELL_BUFFERS         ; off   ; -    ; initAddress[4]~buf0 ;
; REMOVE_REDUNDANT_LOGIC_CELLS ; off   ; -    ; initAddress[4]~buf0 ;
; IGNORE_LCELL_BUFFERS         ; off   ; -    ; initAddress[3]~buf0 ;
; REMOVE_REDUNDANT_LOGIC_CELLS ; off   ; -    ; initAddress[3]~buf0 ;
; IGNORE_LCELL_BUFFERS         ; off   ; -    ; initAddress[2]~buf0 ;
; REMOVE_REDUNDANT_LOGIC_CELLS ; off   ; -    ; initAddress[2]~buf0 ;
; IGNORE_LCELL_BUFFERS         ; off   ; -    ; initAddress[1]~buf0 ;
; REMOVE_REDUNDANT_LOGIC_CELLS ; off   ; -    ; initAddress[1]~buf0 ;
; IGNORE_LCELL_BUFFERS         ; off   ; -    ; initAddress[0]~buf0 ;
; REMOVE_REDUNDANT_LOGIC_CELLS ; off   ; -    ; initAddress[0]~buf0 ;
+------------------------------+-------+------+---------------------+


+----------------------------------------------------------------------------------------+
; Parameter Settings for User Entity Instance: rom:inst7|altsyncram:altsyncram_component ;
+------------------------------------+----------------------+----------------------------+
; Parameter Name                     ; Value                ; Type                       ;
+------------------------------------+----------------------+----------------------------+
; BYTE_SIZE_BLOCK                    ; 8                    ; Untyped                    ;
; AUTO_CARRY_CHAINS                  ; ON                   ; AUTO_CARRY                 ;
; IGNORE_CARRY_BUFFERS               ; OFF                  ; IGNORE_CARRY               ;
; AUTO_CASCADE_CHAINS                ; ON                   ; AUTO_CASCADE               ;
; IGNORE_CASCADE_BUFFERS             ; OFF                  ; IGNORE_CASCADE             ;
; WIDTH_BYTEENA                      ; 1                    ; Untyped                    ;
; OPERATION_MODE                     ; ROM                  ; Untyped                    ;
; WIDTH_A                            ; 24                   ; Signed Integer             ;
; WIDTHAD_A                          ; 8                    ; Signed Integer             ;
; NUMWORDS_A                         ; 256                  ; Signed Integer             ;
; OUTDATA_REG_A                      ; UNREGISTERED         ; Untyped                    ;
; ADDRESS_ACLR_A                     ; NONE                 ; Untyped                    ;
; OUTDATA_ACLR_A                     ; NONE                 ; Untyped                    ;
; WRCONTROL_ACLR_A                   ; NONE                 ; Untyped                    ;
; INDATA_ACLR_A                      ; NONE                 ; Untyped                    ;
; BYTEENA_ACLR_A                     ; NONE                 ; Untyped                    ;
; WIDTH_B                            ; 1                    ; Untyped                    ;
; WIDTHAD_B                          ; 1                    ; Untyped                    ;
; NUMWORDS_B                         ; 1                    ; Untyped                    ;
; INDATA_REG_B                       ; CLOCK1               ; Untyped                    ;
; WRCONTROL_WRADDRESS_REG_B          ; CLOCK1               ; Untyped                    ;
; RDCONTROL_REG_B                    ; CLOCK1               ; Untyped                    ;
; ADDRESS_REG_B                      ; CLOCK1               ; Untyped                    ;
; OUTDATA_REG_B                      ; UNREGISTERED         ; Untyped                    ;
; BYTEENA_REG_B                      ; CLOCK1               ; Untyped                    ;
; INDATA_ACLR_B                      ; NONE                 ; Untyped                    ;
; WRCONTROL_ACLR_B                   ; NONE                 ; Untyped                    ;
; ADDRESS_ACLR_B                     ; NONE                 ; Untyped                    ;
; OUTDATA_ACLR_B                     ; NONE                 ; Untyped                    ;
; RDCONTROL_ACLR_B                   ; NONE                 ; Untyped                    ;
; BYTEENA_ACLR_B                     ; NONE                 ; Untyped                    ;
; WIDTH_BYTEENA_A                    ; 1                    ; Signed Integer             ;
; WIDTH_BYTEENA_B                    ; 1                    ; Untyped                    ;
; RAM_BLOCK_TYPE                     ; AUTO                 ; Untyped                    ;
; BYTE_SIZE                          ; 8                    ; Untyped                    ;
; READ_DURING_WRITE_MODE_MIXED_PORTS ; DONT_CARE            ; Untyped                    ;
; READ_DURING_WRITE_MODE_PORT_A      ; NEW_DATA_NO_NBE_READ ; Untyped                    ;
; READ_DURING_WRITE_MODE_PORT_B      ; NEW_DATA_NO_NBE_READ ; Untyped                    ;
; INIT_FILE                          ; romv1q.mif           ; Untyped                    ;
; INIT_FILE_LAYOUT                   ; PORT_A               ; Untyped                    ;
; MAXIMUM_DEPTH                      ; 0                    ; Untyped                    ;
; CLOCK_ENABLE_INPUT_A               ; BYPASS               ; Untyped                    ;
; CLOCK_ENABLE_INPUT_B               ; NORMAL               ; Untyped                    ;
; CLOCK_ENABLE_OUTPUT_A              ; BYPASS               ; Untyped                    ;
; CLOCK_ENABLE_OUTPUT_B              ; NORMAL               ; Untyped                    ;
; CLOCK_ENABLE_CORE_A                ; USE_INPUT_CLKEN      ; Untyped                    ;
; CLOCK_ENABLE_CORE_B                ; USE_INPUT_CLKEN      ; Untyped                    ;
; ENABLE_ECC                         ; FALSE                ; Untyped                    ;
; DEVICE_FAMILY                      ; Cyclone II           ; Untyped                    ;
; CBXI_PARAMETER                     ; altsyncram_vq71      ; Untyped                    ;
+------------------------------------+----------------------+----------------------------+
Note: In order to hide this table in the UI and the text report file, please set the "Show Parameter Settings Tables in Synthesis Report" option in "Analysis and Synthesis Settings -> More Settings" to "Off".


+-------------------------------------------------------------------------------------------------------+
; Parameter Settings for User Entity Instance: sequencer:inst11|lpm_mux0:inst|LPM_MUX:lpm_mux_component ;
+------------------------+------------+-----------------------------------------------------------------+
; Parameter Name         ; Value      ; Type                                                            ;
+------------------------+------------+-----------------------------------------------------------------+
; AUTO_CARRY_CHAINS      ; ON         ; AUTO_CARRY                                                      ;
; IGNORE_CARRY_BUFFERS   ; OFF        ; IGNORE_CARRY                                                    ;
; AUTO_CASCADE_CHAINS    ; ON         ; AUTO_CASCADE                                                    ;
; IGNORE_CASCADE_BUFFERS ; OFF        ; IGNORE_CASCADE                                                  ;
; LPM_WIDTH              ; 8          ; Signed Integer                                                  ;
; LPM_SIZE               ; 4          ; Signed Integer                                                  ;
; LPM_WIDTHS             ; 2          ; Signed Integer                                                  ;
; LPM_PIPELINE           ; 0          ; Signed Integer                                                  ;
; CBXI_PARAMETER         ; mux_a3e    ; Untyped                                                         ;
; DEVICE_FAMILY          ; Cyclone II ; Untyped                                                         ;
+------------------------+------------+-----------------------------------------------------------------+
Note: In order to hide this table in the UI and the text report file, please set the "Show Parameter Settings Tables in Synthesis Report" option in "Analysis and Synthesis Settings -> More Settings" to "Off".


+---------------------------------------------------------------------------------------+
; Parameter Settings for User Entity Instance: lpm_mux1:inst3|LPM_MUX:lpm_mux_component ;
+------------------------+------------+-------------------------------------------------+
; Parameter Name         ; Value      ; Type                                            ;
+------------------------+------------+-------------------------------------------------+
; AUTO_CARRY_CHAINS      ; ON         ; AUTO_CARRY                                      ;
; IGNORE_CARRY_BUFFERS   ; OFF        ; IGNORE_CARRY                                    ;
; AUTO_CASCADE_CHAINS    ; ON         ; AUTO_CASCADE                                    ;
; IGNORE_CASCADE_BUFFERS ; OFF        ; IGNORE_CASCADE                                  ;
; LPM_WIDTH              ; 1          ; Signed Integer                                  ;
; LPM_SIZE               ; 4          ; Signed Integer                                  ;
; LPM_WIDTHS             ; 2          ; Signed Integer                                  ;
; LPM_PIPELINE           ; 0          ; Signed Integer                                  ;
; CBXI_PARAMETER         ; mux_33e    ; Untyped                                         ;
; DEVICE_FAMILY          ; Cyclone II ; Untyped                                         ;
+------------------------+------------+-------------------------------------------------+
Note: In order to hide this table in the UI and the text report file, please set the "Show Parameter Settings Tables in Synthesis Report" option in "Analysis and Synthesis Settings -> More Settings" to "Off".


+---------------------------------------------------------------------------------------+
; altsyncram Parameter Settings by Entity Instance                                      ;
+-------------------------------------------+-------------------------------------------+
; Name                                      ; Value                                     ;
+-------------------------------------------+-------------------------------------------+
; Number of entity instances                ; 1                                         ;
; Entity Instance                           ; rom:inst7|altsyncram:altsyncram_component ;
;     -- OPERATION_MODE                     ; ROM                                       ;
;     -- WIDTH_A                            ; 24                                        ;
;     -- NUMWORDS_A                         ; 256                                       ;
;     -- OUTDATA_REG_A                      ; UNREGISTERED                              ;
;     -- WIDTH_B                            ; 1                                         ;
;     -- NUMWORDS_B                         ; 1                                         ;
;     -- ADDRESS_REG_B                      ; CLOCK1                                    ;
;     -- OUTDATA_REG_B                      ; UNREGISTERED                              ;
;     -- RAM_BLOCK_TYPE                     ; AUTO                                      ;
;     -- READ_DURING_WRITE_MODE_MIXED_PORTS ; DONT_CARE                                 ;
+-------------------------------------------+-------------------------------------------+


+-------------------------------+
; Analysis & Synthesis Messages ;
+-------------------------------+
Info: *******************************************************************
Info: Running Quartus II Analysis & Synthesis
    Info: Version 9.0 Build 235 06/17/2009 Service Pack 2 SJ Web Edition
    Info: Processing started: Fri Dec 02 12:26:42 2022
Info: Command: quartus_map --read_settings_files=on --write_settings_files=off 05-Grup315-01 -c 05-Grup315-01
Info: Found 2 design units, including 1 entities, in source file lpm_mux0.vhd
    Info: Found design unit 1: lpm_mux0-SYN
    Info: Found entity 1: lpm_mux0
Info: Found 2 design units, including 1 entities, in source file lpm_mux1.vhd
    Info: Found design unit 1: lpm_mux1-SYN
    Info: Found entity 1: lpm_mux1
Info: Found 2 design units, including 1 entities, in source file rom.vhd
    Info: Found design unit 1: rom-SYN
    Info: Found entity 1: rom
Info: Found 1 design units, including 1 entities, in source file ctrlSeq.bdf
    Info: Found entity 1: ctrlSeq
Info: Found 2 design units, including 1 entities, in source file inc.vhd
    Info: Found design unit 1: inc-behv
    Info: Found entity 1: inc
Info: Found 2 design units, including 1 entities, in source file IRdecoder.vhd
    Info: Found design unit 1: IRdecoder-a1
    Info: Found entity 1: IRdecoder
Info: Found 1 design units, including 1 entities, in source file MicroPC.bdf
    Info: Found entity 1: MicroPC
Info: Found 1 design units, including 1 entities, in source file sequencer.bdf
    Info: Found entity 1: sequencer
Info: Found 1 design units, including 1 entities, in source file UC.bdf
    Info: Found entity 1: UC
Info: Elaborating entity "UC" for the top level hierarchy
Info: Elaborating entity "rom" for hierarchy "rom:inst7"
Info: Elaborating entity "altsyncram" for hierarchy "rom:inst7|altsyncram:altsyncram_component"
Info: Elaborated megafunction instantiation "rom:inst7|altsyncram:altsyncram_component"
Info: Instantiated megafunction "rom:inst7|altsyncram:altsyncram_component" with the following parameter:
    Info: Parameter "clock_enable_input_a" = "BYPASS"
    Info: Parameter "clock_enable_output_a" = "BYPASS"
    Info: Parameter "init_file" = "romv1q.mif"
    Info: Parameter "intended_device_family" = "Cyclone II"
    Info: Parameter "lpm_hint" = "ENABLE_RUNTIME_MOD=NO"
    Info: Parameter "lpm_type" = "altsyncram"
    Info: Parameter "numwords_a" = "256"
    Info: Parameter "operation_mode" = "ROM"
    Info: Parameter "outdata_aclr_a" = "NONE"
    Info: Parameter "outdata_reg_a" = "UNREGISTERED"
    Info: Parameter "widthad_a" = "8"
    Info: Parameter "width_a" = "24"
    Info: Parameter "width_byteena_a" = "1"
Info: Found 1 design units, including 1 entities, in source file db/altsyncram_vq71.tdf
    Info: Found entity 1: altsyncram_vq71
Info: Elaborating entity "altsyncram_vq71" for hierarchy "rom:inst7|altsyncram:altsyncram_component|altsyncram_vq71:auto_generated"
Info: Elaborating entity "sequencer" for hierarchy "sequencer:inst11"
Info: Elaborating entity "MicroPC" for hierarchy "sequencer:inst11|MicroPC:mPC"
Info: Elaborating entity "lpm_mux0" for hierarchy "sequencer:inst11|lpm_mux0:inst"
Info: Elaborating entity "LPM_MUX" for hierarchy "sequencer:inst11|lpm_mux0:inst|LPM_MUX:lpm_mux_component"
Info: Elaborated megafunction instantiation "sequencer:inst11|lpm_mux0:inst|LPM_MUX:lpm_mux_component"
Info: Instantiated megafunction "sequencer:inst11|lpm_mux0:inst|LPM_MUX:lpm_mux_component" with the following parameter:
    Info: Parameter "LPM_WIDTH" = "8"
    Info: Parameter "LPM_SIZE" = "4"
    Info: Parameter "LPM_WIDTHS" = "2"
    Info: Parameter "LPM_PIPELINE" = "0"
    Info: Parameter "LPM_TYPE" = "LPM_MUX"
    Info: Parameter "LPM_HINT" = "UNUSED"
Info: Found 1 design units, including 1 entities, in source file db/mux_a3e.tdf
    Info: Found entity 1: mux_a3e
Info: Elaborating entity "mux_a3e" for hierarchy "sequencer:inst11|lpm_mux0:inst|LPM_MUX:lpm_mux_component|mux_a3e:auto_generated"
Info: Elaborating entity "inc" for hierarchy "sequencer:inst11|inc:inst2"
Info: Elaborating entity "ctrlSeq" for hierarchy "ctrlSeq:inst9"
Info: Elaborating entity "lpm_mux1" for hierarchy "lpm_mux1:inst3"
Info: Elaborating entity "LPM_MUX" for hierarchy "lpm_mux1:inst3|LPM_MUX:lpm_mux_component"
Info: Elaborated megafunction instantiation "lpm_mux1:inst3|LPM_MUX:lpm_mux_component"
Info: Instantiated megafunction "lpm_mux1:inst3|LPM_MUX:lpm_mux_component" with the following parameter:
    Info: Parameter "LPM_WIDTH" = "1"
    Info: Parameter "LPM_SIZE" = "4"
    Info: Parameter "LPM_WIDTHS" = "2"
    Info: Parameter "LPM_PIPELINE" = "0"
    Info: Parameter "LPM_TYPE" = "LPM_MUX"
    Info: Parameter "LPM_HINT" = "UNUSED"
Info: Found 1 design units, including 1 entities, in source file db/mux_33e.tdf
    Info: Found entity 1: mux_33e
Info: Elaborating entity "mux_33e" for hierarchy "lpm_mux1:inst3|LPM_MUX:lpm_mux_component|mux_33e:auto_generated"
Info: Elaborating entity "IRdecoder" for hierarchy "IRdecoder:inst"
Info: Found the following redundant logic cells in design
    Info (17048): Logic cell "_T[1]"
    Info (17048): Logic cell "_T[0]"
    Info (17048): Logic cell "_jumpAddress[0]"
    Info (17048): Logic cell "_jumpAddress[1]"
    Info (17048): Logic cell "_jumpAddress[2]"
    Info (17048): Logic cell "_jumpAddress[3]"
    Info (17048): Logic cell "_jumpAddress[4]"
    Info (17048): Logic cell "_jumpAddress[5]"
    Info (17048): Logic cell "_jumpAddress[6]"
    Info (17048): Logic cell "IRdecoder:inst|initAddress[6]"
    Info (17048): Logic cell "_jumpAddress[7]"
    Info (17048): Logic cell "IRdecoder:inst|initAddress[7]"
    Info (17048): Logic cell "_sel[0]"
    Info (17048): Logic cell "_sel[1]"
Info: Implemented 116 device resources after synthesis - the final resource count might be different
    Info: Implemented 10 input pins
    Info: Implemented 20 output pins
    Info: Implemented 62 logic cells
    Info: Implemented 24 RAM segments
Info: Quartus II Analysis & Synthesis was successful. 0 errors, 0 warnings
    Info: Peak virtual memory: 254 megabytes
    Info: Processing ended: Fri Dec 02 12:26:44 2022
    Info: Elapsed time: 00:00:02
    Info: Total CPU time (on all processors): 00:00:02


